<?xml version="1.0" encoding="UTF-8"?>
<Site BuildName="(empty)"
	BuildStamp="20230227-1702-Experimental"
	Name="(empty)"
	Generator="ctest-3.18.4"
	CompilerName=""
	CompilerVersion=""
	OSName="Linux"
	Hostname="debian"
	OSRelease="5.10.0-21-amd64"
	OSVersion="#1 SMP Debian 5.10.162-1 (2023-01-21)"
	OSPlatform="x86_64"
	Is64Bits="1"
	VendorString="GenuineIntel"
	VendorID="Intel Corporation"
	FamilyID="6"
	ModelID="142"
	ProcessorCacheSize="8192"
	NumberOfLogicalCPU="8"
	NumberOfPhysicalCPU="4"
	TotalVirtualMemory="975"
	TotalPhysicalMemory="7807"
	LogicalProcessorsPerPhysical="2"
	ProcessorClockFrequency="3208.34"
	>
	<Testing>
		<StartDateTime>Feb 27 17:02 WET</StartDateTime>
		<StartTestTime>1677517361</StartTestTime>
		<TestList/>
		<EndDateTime>Feb 27 17:02 WET</EndDateTime>
		<EndTestTime>1677517361</EndTestTime>
		<ElapsedMinutes>0</ElapsedMinutes>
	</Testing>
</Site>
